# JRE version: OpenJDK Runtime Environment (17.0.11) (build 17.0.11+0--11852314)
# Java VM: OpenJDK 64-Bit Server VM (17.0.11+0--11852314, mixed mode, tiered, compressed oops, compressed class ptrs, g1 gc, windows-amd64)
GC Precious Log:
 CPUs: 8 total, 8 available
 Memory: 7997M
 Large Page Support: Disabled
 NUMA Support: Disabled
 Compressed Oops: Enabled (32-bit)
 Heap Region Size: 1M
 Heap Min Capacity: 8M
 Heap Initial Capacity: 126M
 Heap Max Capacity: 2G
 Pre-touch: Disabled
 Parallel Workers: 8
 Concurrent Workers: 2
 Concurrent Refinement Workers: 8
 Periodic GC: Disabled
Heap:
 garbage-first heap   total 122880K, used 84015K [0x0000000080000000, 0x0000000100000000)
  region size 1024K, 16 young (16384K), 2 survivors (2048K)
 Metaspace       used 52801K, committed 53376K, reserved 1114112K
  class space    used 7056K, committed 7296K, reserved 1048576K
GC Heap History (20 events):
Event: 7.102 GC heap before
{Heap before GC invocations=8 (full 0):
 garbage-first heap   total 71680K, used 55651K [0x0000000080000000, 0x0000000100000000)
  region size 1024K, 20 young (20480K), 4 survivors (4096K)
 Metaspace       used 34285K, committed 34688K, reserved 1114112K
  class space    used 4684K, committed 4864K, reserved 1048576K
}
Event: 7.106 GC heap after
{Heap after GC invocations=9 (full 0):
 garbage-first heap   total 71680K, used 40627K [0x0000000080000000, 0x0000000100000000)
  region size 1024K, 1 young (1024K), 1 survivors (1024K)
 Metaspace       used 34285K, committed 34688K, reserved 1114112K
  class space    used 4684K, committed 4864K, reserved 1048576K
}
Event: 7.365 GC heap before
{Heap before GC invocations=9 (full 0):
 garbage-first heap   total 71680K, used 55987K [0x0000000080000000, 0x0000000100000000)
  region size 1024K, 16 young (16384K), 1 survivors (1024K)
 Metaspace       used 36079K, committed 36480K, reserved 1114112K
  class space    used 4975K, committed 5120K, reserved 1048576K
}
Event: 7.367 GC heap after
{Heap after GC invocations=10 (full 0):
 garbage-first heap   total 71680K, used 41339K [0x0000000080000000, 0x0000000100000000)
  region size 1024K, 2 young (2048K), 2 survivors (2048K)
 Metaspace       used 36079K, committed 36480K, reserved 1114112K
  class space    used 4975K, committed 5120K, reserved 1048576K
}
Event: 7.588 GC heap before
{Heap before GC invocations=11 (full 0):
 garbage-first heap   total 71680K, used 55675K [0x0000000080000000, 0x0000000100000000)
  region size 1024K, 17 young (17408K), 2 survivors (2048K)
 Metaspace       used 38373K, committed 38784K, reserved 1114112K
  class space    used 5346K, committed 5568K, reserved 1048576K
}
Event: 7.591 GC heap after
{Heap after GC invocations=12 (full 0):
 garbage-first heap   total 86016K, used 41934K [0x0000000080000000, 0x0000000100000000)
  region size 1024K, 2 young (2048K), 2 survivors (2048K)
 Metaspace       used 38373K, committed 38784K, reserved 1114112K
  class space    used 5346K, committed 5568K, reserved 1048576K
}
Event: 8.197 GC heap before
{Heap before GC invocations=12 (full 0):
 garbage-first heap   total 86016K, used 66510K [0x0000000080000000, 0x0000000100000000)
  region size 1024K, 27 young (27648K), 2 survivors (2048K)
 Metaspace       used 44038K, committed 44416K, reserved 1114112K
  class space    used 5970K, committed 6144K, reserved 1048576K
}
Event: 8.207 GC heap after
{Heap after GC invocations=13 (full 0):
 garbage-first heap   total 86016K, used 44628K [0x0000000080000000, 0x0000000100000000)
  region size 1024K, 4 young (4096K), 4 survivors (4096K)
 Metaspace       used 44038K, committed 44416K, reserved 1114112K
  class space    used 5970K, committed 6144K, reserved 1048576K
}
Event: 8.586 GC heap before
{Heap before GC invocations=14 (full 0):
 garbage-first heap   total 86016K, used 67156K [0x0000000080000000, 0x0000000100000000)
  region size 1024K, 27 young (27648K), 4 survivors (4096K)
 Metaspace       used 44862K, committed 45312K, reserved 1114112K
  class space    used 6058K, committed 6272K, reserved 1048576K
}
Event: 8.591 GC heap after
{Heap after GC invocations=15 (full 0):
 garbage-first heap   total 86016K, used 47092K [0x0000000080000000, 0x0000000100000000)
  region size 1024K, 3 young (3072K), 3 survivors (3072K)
 Metaspace       used 44862K, committed 45312K, reserved 1114112K
  class space    used 6058K, committed 6272K, reserved 1048576K
}
Event: 8.705 GC heap before
{Heap before GC invocations=15 (full 0):
 garbage-first heap   total 86016K, used 49140K [0x0000000080000000, 0x0000000100000000)
  region size 1024K, 7 young (7168K), 3 survivors (3072K)
 Metaspace       used 45098K, committed 45504K, reserved 1114112K
  class space    used 6074K, committed 6272K, reserved 1048576K
}
Event: 8.707 GC heap after
{Heap after GC invocations=16 (full 0):
 garbage-first heap   total 86016K, used 47657K [0x0000000080000000, 0x0000000100000000)
  region size 1024K, 2 young (2048K), 2 survivors (2048K)
 Metaspace       used 45098K, committed 45504K, reserved 1114112K
  class space    used 6074K, committed 6272K, reserved 1048576K
}
Event: 9.359 GC heap before
{Heap before GC invocations=17 (full 0):
 garbage-first heap   total 92160K, used 73257K [0x0000000080000000, 0x0000000100000000)
  region size 1024K, 22 young (22528K), 2 survivors (2048K)
 Metaspace       used 48088K, committed 48576K, reserved 1114112K
  class space    used 6435K, committed 6656K, reserved 1048576K
}
Event: 9.361 GC heap after
{Heap after GC invocations=18 (full 0):
 garbage-first heap   total 92160K, used 48561K [0x0000000080000000, 0x0000000100000000)
  region size 1024K, 2 young (2048K), 2 survivors (2048K)
 Metaspace       used 48088K, committed 48576K, reserved 1114112K
  class space    used 6435K, committed 6656K, reserved 1048576K
}
Event: 9.929 GC heap before
{Heap before GC invocations=18 (full 0):
 garbage-first heap   total 92160K, used 69041K [0x0000000080000000, 0x0000000100000000)
  region size 1024K, 24 young (24576K), 2 survivors (2048K)
 Metaspace       used 50211K, committed 50624K, reserved 1114112K
  class space    used 6788K, committed 6976K, reserved 1048576K
}
Event: 9.934 GC heap after
{Heap after GC invocations=19 (full 0):
 garbage-first heap   total 92160K, used 51275K [0x0000000080000000, 0x0000000100000000)
  region size 1024K, 4 young (4096K), 4 survivors (4096K)
 Metaspace       used 50211K, committed 50624K, reserved 1114112K
  class space    used 6788K, committed 6976K, reserved 1048576K
}
Event: 10.113 GC heap before
{Heap before GC invocations=20 (full 0):
 garbage-first heap   total 102400K, used 64587K [0x0000000080000000, 0x0000000100000000)
  region size 1024K, 11 young (11264K), 4 survivors (4096K)
 Metaspace       used 50463K, committed 50944K, reserved 1114112K
  class space    used 6835K, committed 7040K, reserved 1048576K
}
Event: 10.117 GC heap after
{Heap after GC invocations=21 (full 0):
 garbage-first heap   total 102400K, used 61971K [0x0000000080000000, 0x0000000100000000)
  region size 1024K, 3 young (3072K), 3 survivors (3072K)
 Metaspace       used 50463K, committed 50944K, reserved 1114112K
  class space    used 6835K, committed 7040K, reserved 1048576K
}
Event: 10.216 GC heap before
{Heap before GC invocations=22 (full 0):
 garbage-first heap   total 116736K, used 71187K [0x0000000080000000, 0x0000000100000000)
  region size 1024K, 9 young (9216K), 3 survivors (3072K)
 Metaspace       used 50819K, committed 51328K, reserved 1114112K
  class space    used 6860K, committed 7104K, reserved 1048576K
}
Event: 10.218 GC heap after
{Heap after GC invocations=23 (full 0):
 garbage-first heap   total 116736K, used 68655K [0x0000000080000000, 0x0000000100000000)
  region size 1024K, 2 young (2048K), 2 survivors (2048K)
 Metaspace       used 50819K, committed 51328K, reserved 1114112K
  class space    used 6860K, committed 7104K, reserved 1048576K
}

