# JRE version: OpenJDK Runtime Environment (17.0.11) (build 17.0.11+0--11852314)
# Java VM: OpenJDK 64-Bit Server VM (17.0.11+0--11852314, mixed mode, tiered, compressed oops, compressed class ptrs, g1 gc, windows-amd64)
GC Precious Log:
 CPUs: 8 total, 8 available
 Memory: 7997M
 Large Page Support: Disabled
 NUMA Support: Disabled
 Compressed Oops: Enabled (32-bit)
 Heap Region Size: 1M
 Heap Min Capacity: 8M
 Heap Initial Capacity: 126M
 Heap Max Capacity: 2G
 Pre-touch: Disabled
 Parallel Workers: 8
 Concurrent Workers: 2
 Concurrent Refinement Workers: 8
 Periodic GC: Disabled
Heap:
 garbage-first heap   total 206848K, used 142614K [0x0000000080000000, 0x0000000100000000)
  region size 1024K, 8 young (8192K), 3 survivors (3072K)
 Metaspace       used 95479K, committed 96128K, reserved 1179648K
  class space    used 13003K, committed 13312K, reserved 1048576K
GC Heap History (20 events):
Event: 12.496 GC heap before
{Heap before GC invocations=35 (full 0):
 garbage-first heap   total 126976K, used 97776K [0x0000000080000000, 0x0000000100000000)
  region size 1024K, 26 young (26624K), 2 survivors (2048K)
 Metaspace       used 63866K, committed 64512K, reserved 1114112K
  class space    used 8715K, committed 9024K, reserved 1048576K
}
Event: 12.502 GC heap after
{Heap after GC invocations=36 (full 0):
 garbage-first heap   total 126976K, used 75671K [0x0000000080000000, 0x0000000100000000)
  region size 1024K, 4 young (4096K), 4 survivors (4096K)
 Metaspace       used 63866K, committed 64512K, reserved 1114112K
  class space    used 8715K, committed 9024K, reserved 1048576K
}
Event: 12.546 GC heap before
{Heap before GC invocations=36 (full 0):
 garbage-first heap   total 126976K, used 77719K [0x0000000080000000, 0x0000000100000000)
  region size 1024K, 6 young (6144K), 4 survivors (4096K)
 Metaspace       used 63972K, committed 64640K, reserved 1114112K
  class space    used 8731K, committed 9088K, reserved 1048576K
}
Event: 12.550 GC heap after
{Heap after GC invocations=37 (full 0):
 garbage-first heap   total 126976K, used 76007K [0x0000000080000000, 0x0000000100000000)
  region size 1024K, 1 young (1024K), 1 survivors (1024K)
 Metaspace       used 63972K, committed 64640K, reserved 1114112K
  class space    used 8731K, committed 9088K, reserved 1048576K
}
Event: 13.875 GC heap before
{Heap before GC invocations=37 (full 0):
 garbage-first heap   total 126976K, used 99559K [0x0000000080000000, 0x0000000100000000)
  region size 1024K, 25 young (25600K), 1 survivors (1024K)
 Metaspace       used 67879K, committed 68416K, reserved 1114112K
  class space    used 9234K, committed 9472K, reserved 1048576K
}
Event: 13.880 GC heap after
{Heap after GC invocations=38 (full 0):
 garbage-first heap   total 206848K, used 78747K [0x0000000080000000, 0x0000000100000000)
  region size 1024K, 4 young (4096K), 4 survivors (4096K)
 Metaspace       used 67879K, committed 68416K, reserved 1114112K
  class space    used 9234K, committed 9472K, reserved 1048576K
}
Event: 15.936 GC heap before
{Heap before GC invocations=39 (full 0):
 garbage-first heap   total 206848K, used 150427K [0x0000000080000000, 0x0000000100000000)
  region size 1024K, 75 young (76800K), 4 survivors (4096K)
 Metaspace       used 72267K, committed 72832K, reserved 1114112K
  class space    used 10222K, committed 10496K, reserved 1048576K
}
Event: 15.944 GC heap after
{Heap after GC invocations=40 (full 0):
 garbage-first heap   total 206848K, used 83390K [0x0000000080000000, 0x0000000100000000)
  region size 1024K, 9 young (9216K), 9 survivors (9216K)
 Metaspace       used 72267K, committed 72832K, reserved 1114112K
  class space    used 10222K, committed 10496K, reserved 1048576K
}
Event: 15.970 GC heap before
{Heap before GC invocations=40 (full 0):
 garbage-first heap   total 206848K, used 84414K [0x0000000080000000, 0x0000000100000000)
  region size 1024K, 10 young (10240K), 9 survivors (9216K)
 Metaspace       used 72384K, committed 72960K, reserved 1114112K
  class space    used 10237K, committed 10496K, reserved 1048576K
}
Event: 15.977 GC heap after
{Heap after GC invocations=41 (full 0):
 garbage-first heap   total 206848K, used 83844K [0x0000000080000000, 0x0000000100000000)
  region size 1024K, 1 young (1024K), 1 survivors (1024K)
 Metaspace       used 72384K, committed 72960K, reserved 1114112K
  class space    used 10237K, committed 10496K, reserved 1048576K
}
Event: 18.704 GC heap before
{Heap before GC invocations=41 (full 0):
 garbage-first heap   total 206848K, used 159620K [0x0000000080000000, 0x0000000100000000)
  region size 1024K, 75 young (76800K), 1 survivors (1024K)
 Metaspace       used 82248K, committed 82880K, reserved 1179648K
  class space    used 11513K, committed 11840K, reserved 1048576K
}
Event: 18.708 GC heap after
{Heap after GC invocations=42 (full 0):
 garbage-first heap   total 206848K, used 84735K [0x0000000080000000, 0x0000000100000000)
  region size 1024K, 2 young (2048K), 2 survivors (2048K)
 Metaspace       used 82248K, committed 82880K, reserved 1179648K
  class space    used 11513K, committed 11840K, reserved 1048576K
}
Event: 20.559 GC heap before
{Heap before GC invocations=42 (full 0):
 garbage-first heap   total 206848K, used 174847K [0x0000000080000000, 0x0000000100000000)
  region size 1024K, 80 young (81920K), 2 survivors (2048K)
 Metaspace       used 86583K, committed 87360K, reserved 1179648K
  class space    used 12060K, committed 12416K, reserved 1048576K
}
Event: 20.575 GC heap after
{Heap after GC invocations=43 (full 0):
 garbage-first heap   total 206848K, used 102400K [0x0000000080000000, 0x0000000100000000)
  region size 1024K, 10 young (10240K), 10 survivors (10240K)
 Metaspace       used 86583K, committed 87360K, reserved 1179648K
  class space    used 12060K, committed 12416K, reserved 1048576K
}
Event: 21.580 GC heap before
{Heap before GC invocations=43 (full 0):
 garbage-first heap   total 206848K, used 164864K [0x0000000080000000, 0x0000000100000000)
  region size 1024K, 66 young (67584K), 10 survivors (10240K)
 Metaspace       used 87633K, committed 88384K, reserved 1179648K
  class space    used 12198K, committed 12544K, reserved 1048576K
}
Event: 21.596 GC heap after
{Heap after GC invocations=44 (full 0):
 garbage-first heap   total 206848K, used 113354K [0x0000000080000000, 0x0000000100000000)
  region size 1024K, 9 young (9216K), 9 survivors (9216K)
 Metaspace       used 87633K, committed 88384K, reserved 1179648K
  class space    used 12198K, committed 12544K, reserved 1048576K
}
Event: 22.328 GC heap before
{Heap before GC invocations=44 (full 0):
 garbage-first heap   total 206848K, used 175818K [0x0000000080000000, 0x0000000100000000)
  region size 1024K, 54 young (55296K), 9 survivors (9216K)
 Metaspace       used 91561K, committed 92288K, reserved 1179648K
  class space    used 12626K, committed 12992K, reserved 1048576K
}
Event: 22.338 GC heap after
{Heap after GC invocations=45 (full 0):
 garbage-first heap   total 206848K, used 135935K [0x0000000080000000, 0x0000000100000000)
  region size 1024K, 7 young (7168K), 7 survivors (7168K)
 Metaspace       used 91561K, committed 92288K, reserved 1179648K
  class space    used 12626K, committed 12992K, reserved 1048576K
}
Event: 22.961 GC heap before
{Heap before GC invocations=45 (full 0):
 garbage-first heap   total 206848K, used 166655K [0x0000000080000000, 0x0000000100000000)
  region size 1024K, 37 young (37888K), 7 survivors (7168K)
 Metaspace       used 94820K, committed 95552K, reserved 1179648K
  class space    used 12964K, committed 13312K, reserved 1048576K
}
Event: 22.966 GC heap after
{Heap after GC invocations=46 (full 0):
 garbage-first heap   total 206848K, used 138518K [0x0000000080000000, 0x0000000100000000)
  region size 1024K, 3 young (3072K), 3 survivors (3072K)
 Metaspace       used 94820K, committed 95552K, reserved 1179648K
  class space    used 12964K, committed 13312K, reserved 1048576K
}

